{"name": "Synchronisation of content in all orders list and recent orders (feed)", "status": "broken", "statusDetails": {"message": "selenium.common.exceptions.TimeoutException: Message: \nStacktrace:\n0   chromedriver                        0x0000000100d71208 cxxbridge1$str$ptr + 1927396\n1   chromedriver                        0x0000000100d6966c cxxbridge1$str$ptr + 1895752\n2   chromedriver                        0x0000000100964808 cxxbridge1$string$len + 89564\n3   chromedriver                        0x00000001009a8bcc cxxbridge1$string$len + 369056\n4   chromedriver                        0x00000001009e2228 cxxbridge1$string$len + 604156\n5   chromedriver                        0x000000010099d698 cxxbridge1$string$len + 322668\n6   chromedriver                        0x000000010099e310 cxxbridge1$string$len + 325860\n7   chromedriver                        0x0000000100d37e78 cxxbridge1$str$ptr + 1693012\n8   chromedriver                        0x0000000100d3c77c cxxbridge1$str$ptr + 1711704\n9   chromedriver                        0x0000000100d1d3ec cxxbridge1$str$ptr + 1583816\n10  chromedriver                        0x0000000100d3d04c cxxbridge1$str$ptr + 1713960\n11  chromedriver                        0x0000000100d0dfc8 cxxbridge1$str$ptr + 1521316\n12  chromedriver                        0x0000000100d5ab68 cxxbridge1$str$ptr + 1835588\n13  chromedriver                        0x0000000100d5ace4 cxxbridge1$str$ptr + 1835968\n14  chromedriver                        0x0000000100d69308 cxxbridge1$str$ptr + 1894884\n15  libsystem_pthread.dylib             0x000000019dd65f94 _pthread_start + 136\n16  libsystem_pthread.dylib             0x000000019dd60d34 thread_start + 8", "trace": "self = <test_orders_page.TestFeedOrdersPage object at 0x103b7e2a0>, feed_page = <page_objects.orders_page.OrdersPage object at 0x1060999d0>\nlog_in_and_create_order = ('dugaeva_118141@gmail.com', 'ugdqinxmcw', '121006'), login_page = <page_objects.login_page.LoginPage object at 0x103b48860>\naccount_page = <page_objects.account_page.AccountPage object at 0x103b7d460>\n\n    @allure.title('Synchronisation of content in all orders list and recent orders (feed)')\n    def test_check_sync_history_order_and_feed_orders(self, feed_page, log_in_and_create_order,\n                                                      login_page, account_page):\n        # Firefox test fails due to the issue with the modal window that needs advanced debugging\n        # Also Chrome test fails sometimes due to TimeoutException that is hard to handle\n        login_page.open_login_page()\n        number = login_page.log_in_with_order(log_in_and_create_order)\n        account_page.open_account_page()\n>       account_page.open_orders_list()\n\ntests/test_orders_page.py:19: \n_ _ _ _ _ _ _ _ _ _ _ _ _ _ _ _ _ _ _ _ _ _ _ _ _ _ _ _ _ _ _ _ _ _ _ _ _ _ _ _ _ _ _ _ _ _ _ _ _ _ _ _ _ _ _ _ _ _ _ _ _ _ _ _ _ _ _ _ _ _ _ _ _ _ _ _ _ _ _ _ _ _ _ _\npage_objects/account_page.py:16: in open_orders_list\n    self.wait_element_visibility_of_element_located(AccountPageLocators.USER_HISTORY_MENU)\npage_objects/base_page.py:40: in wait_element_visibility_of_element_located\n    WebDriverWait(self.driver, 15).until(ec.visibility_of_element_located(locator))\n_ _ _ _ _ _ _ _ _ _ _ _ _ _ _ _ _ _ _ _ _ _ _ _ _ _ _ _ _ _ _ _ _ _ _ _ _ _ _ _ _ _ _ _ _ _ _ _ _ _ _ _ _ _ _ _ _ _ _ _ _ _ _ _ _ _ _ _ _ _ _ _ _ _ _ _ _ _ _ _ _ _ _ _\n\nself = <selenium.webdriver.support.wait.WebDriverWait (session=\"c2efd5c62e4ad5d0e17b2b985b483ccd\")>\nmethod = <function visibility_of_element_located.<locals>._predicate at 0x103b9c900>, message = ''\n\n    def until(self, method: Callable[[D], Union[Literal[False], T]], message: str = \"\") -> T:\n        \"\"\"Calls the method provided with the driver as an argument until the \\\n        return value does not evaluate to ``False``.\n    \n        :param method: callable(WebDriver)\n        :param message: optional message for :exc:`TimeoutException`\n        :returns: the result of the last call to `method`\n        :raises: :exc:`selenium.common.exceptions.TimeoutException` if timeout occurs\n        \"\"\"\n        screen = None\n        stacktrace = None\n    \n        end_time = time.monotonic() + self._timeout\n        while True:\n            try:\n                value = method(self._driver)\n                if value:\n                    return value\n            except self._ignored_exceptions as exc:\n                screen = getattr(exc, \"screen\", None)\n                stacktrace = getattr(exc, \"stacktrace\", None)\n            time.sleep(self._poll)\n            if time.monotonic() > end_time:\n                break\n>       raise TimeoutException(message, screen, stacktrace)\nE       selenium.common.exceptions.TimeoutException: Message: \nE       Stacktrace:\nE       0   chromedriver                        0x0000000100d71208 cxxbridge1$str$ptr + 1927396\nE       1   chromedriver                        0x0000000100d6966c cxxbridge1$str$ptr + 1895752\nE       2   chromedriver                        0x0000000100964808 cxxbridge1$string$len + 89564\nE       3   chromedriver                        0x00000001009a8bcc cxxbridge1$string$len + 369056\nE       4   chromedriver                        0x00000001009e2228 cxxbridge1$string$len + 604156\nE       5   chromedriver                        0x000000010099d698 cxxbridge1$string$len + 322668\nE       6   chromedriver                        0x000000010099e310 cxxbridge1$string$len + 325860\nE       7   chromedriver                        0x0000000100d37e78 cxxbridge1$str$ptr + 1693012\nE       8   chromedriver                        0x0000000100d3c77c cxxbridge1$str$ptr + 1711704\nE       9   chromedriver                        0x0000000100d1d3ec cxxbridge1$str$ptr + 1583816\nE       10  chromedriver                        0x0000000100d3d04c cxxbridge1$str$ptr + 1713960\nE       11  chromedriver                        0x0000000100d0dfc8 cxxbridge1$str$ptr + 1521316\nE       12  chromedriver                        0x0000000100d5ab68 cxxbridge1$str$ptr + 1835588\nE       13  chromedriver                        0x0000000100d5ace4 cxxbridge1$str$ptr + 1835968\nE       14  chromedriver                        0x0000000100d69308 cxxbridge1$str$ptr + 1894884\nE       15  libsystem_pthread.dylib             0x000000019dd65f94 _pthread_start + 136\nE       16  libsystem_pthread.dylib             0x000000019dd60d34 thread_start + 8\n\nvenv/lib/python3.12/site-packages/selenium/webdriver/support/wait.py:105: TimeoutException"}, "steps": [{"name": "Open login page", "status": "passed", "start": 1726993968290, "stop": 1726993969627}, {"name": "Login as an existed user and create an order", "status": "passed", "parameters": [{"name": "log_in_and_create_order", "value": "('dugaeva_118141@gmail.com', 'ugdqinxmcw', '121006')"}], "start": 1726993969627, "stop": 1726993969761}, {"name": "Open the account", "status": "passed", "start": 1726993969761, "stop": 1726993969787}, {"name": "Open the orders list from the account", "status": "broken", "statusDetails": {"message": "selenium.common.exceptions.TimeoutException: Message: \nStacktrace:\n0   chromedriver                        0x0000000100d71208 cxxbridge1$str$ptr + 1927396\n1   chromedriver                        0x0000000100d6966c cxxbridge1$str$ptr + 1895752\n2   chromedriver                        0x0000000100964808 cxxbridge1$string$len + 89564\n3   chromedriver                        0x00000001009a8bcc cxxbridge1$string$len + 369056\n4   chromedriver                        0x00000001009e2228 cxxbridge1$string$len + 604156\n5   chromedriver                        0x000000010099d698 cxxbridge1$string$len + 322668\n6   chromedriver                        0x000000010099e310 cxxbridge1$string$len + 325860\n7   chromedriver                        0x0000000100d37e78 cxxbridge1$str$ptr + 1693012\n8   chromedriver                        0x0000000100d3c77c cxxbridge1$str$ptr + 1711704\n9   chromedriver                        0x0000000100d1d3ec cxxbridge1$str$ptr + 1583816\n10  chromedriver                        0x0000000100d3d04c cxxbridge1$str$ptr + 1713960\n11  chromedriver                        0x0000000100d0dfc8 cxxbridge1$str$ptr + 1521316\n12  chromedriver                        0x0000000100d5ab68 cxxbridge1$str$ptr + 1835588\n13  chromedriver                        0x0000000100d5ace4 cxxbridge1$str$ptr + 1835968\n14  chromedriver                        0x0000000100d69308 cxxbridge1$str$ptr + 1894884\n15  libsystem_pthread.dylib             0x000000019dd65f94 _pthread_start + 136\n16  libsystem_pthread.dylib             0x000000019dd60d34 thread_start + 8\n\n", "trace": "  File \"/Users/anastasiiavolgina/PycharmProjects/Diplom/Diplom_3/venv/lib/python3.12/site-packages/allure_commons/_allure.py\", line 192, in impl\n    return func(*a, **kw)\n           ^^^^^^^^^^^^^^\n  File \"/Users/anastasiiavolgina/PycharmProjects/Diplom/Diplom_3/page_objects/account_page.py\", line 16, in open_orders_list\n    self.wait_element_visibility_of_element_located(AccountPageLocators.USER_HISTORY_MENU)\n  File \"/Users/anastasiiavolgina/PycharmProjects/Diplom/Diplom_3/page_objects/base_page.py\", line 40, in wait_element_visibility_of_element_located\n    WebDriverWait(self.driver, 15).until(ec.visibility_of_element_located(locator))\n  File \"/Users/anastasiiavolgina/PycharmProjects/Diplom/Diplom_3/venv/lib/python3.12/site-packages/selenium/webdriver/support/wait.py\", line 105, in until\n    raise TimeoutException(message, screen, stacktrace)\n"}, "start": 1726993969788, "stop": 1726993985196}], "parameters": [{"name": "driver", "value": "'chrome'"}], "start": 1726993968290, "stop": 1726993985199, "uuid": "3264f852-73d6-4371-898d-0c45eb14ca9b", "historyId": "8445c8a2914ec67d5fb08f3949a3f40e", "testCaseId": "f50aba405bad3a72a60348b034819b88", "fullName": "tests.test_orders_page.TestFeedOrdersPage#test_check_sync_history_order_and_feed_orders", "labels": [{"name": "parentSuite", "value": "tests"}, {"name": "suite", "value": "test_orders_page"}, {"name": "subSuite", "value": "TestFeedOrdersPage"}, {"name": "host", "value": "anastasaslaptop.tailb0c67.ts.net"}, {"name": "thread", "value": "59704-MainThread"}, {"name": "framework", "value": "pytest"}, {"name": "language", "value": "cpython3"}, {"name": "package", "value": "tests.test_orders_page"}]}